execve("./hello.py", ["./hello.py"], [/* 74 vars */]) = 0
brk(NULL)                               = 0x24cf000
access("/etc/ld.so.nohwcap", F_OK)      = -1 ENOENT (No such file or directory)
access("/etc/ld.so.preload", R_OK)      = -1 ENOENT (No such file or directory)
open("/etc/ld.so.cache", O_RDONLY|O_CLOEXEC) = 3
fstat(3, {st_mode=S_IFREG|0644, st_size=99587, ...}) = 0
mmap(NULL, 99587, PROT_READ, MAP_PRIVATE, 3, 0) = 0x7f21143f8000
close(3)                                = 0
access("/etc/ld.so.nohwcap", F_OK)      = -1 ENOENT (No such file or directory)
open("/lib/x86_64-linux-gnu/libc.so.6", O_RDONLY|O_CLOEXEC) = 3
read(3, "\177ELF\2\1\1\3\0\0\0\0\0\0\0\0\3\0>\0\1\0\0\0P\t\2\0\0\0\0\0"..., 832) = 832
fstat(3, {st_mode=S_IFREG|0755, st_size=1868984, ...}) = 0
mmap(NULL, 4096, PROT_READ|PROT_WRITE, MAP_PRIVATE|MAP_ANONYMOUS, -1, 0) = 0x7f21143f7000
mmap(NULL, 3971488, PROT_READ|PROT_EXEC, MAP_PRIVATE|MAP_DENYWRITE, 3, 0) = 0x7f2113e22000
mprotect(0x7f2113fe2000, 2097152, PROT_NONE) = 0
mmap(0x7f21141e2000, 24576, PROT_READ|PROT_WRITE, MAP_PRIVATE|MAP_FIXED|MAP_DENYWRITE, 3, 0x1c0000) = 0x7f21141e2000
mmap(0x7f21141e8000, 14752, PROT_READ|PROT_WRITE, MAP_PRIVATE|MAP_FIXED|MAP_ANONYMOUS, -1, 0) = 0x7f21141e8000
close(3)                                = 0
mmap(NULL, 4096, PROT_READ|PROT_WRITE, MAP_PRIVATE|MAP_ANONYMOUS, -1, 0) = 0x7f21143f6000
mmap(NULL, 4096, PROT_READ|PROT_WRITE, MAP_PRIVATE|MAP_ANONYMOUS, -1, 0) = 0x7f21143f5000
arch_prctl(ARCH_SET_FS, 0x7f21143f6700) = 0
mprotect(0x7f21141e2000, 16384, PROT_READ) = 0
mprotect(0x606000, 4096, PROT_READ)     = 0
mprotect(0x7f2114411000, 4096, PROT_READ) = 0
munmap(0x7f21143f8000, 99587)           = 0
brk(NULL)                               = 0x24cf000
brk(0x24f0000)                          = 0x24f0000
open("/usr/lib/locale/locale-archive", O_RDONLY|O_CLOEXEC) = 3
fstat(3, {st_mode=S_IFREG|0644, st_size=4017568, ...}) = 0
mmap(NULL, 4017568, PROT_READ, MAP_PRIVATE, 3, 0) = 0x7f2113a4d000
close(3)                                = 0
execve("/usr/local/sbin/python3", ["python3", "./hello.py"], [/* 74 vars */]) = -1 ENOENT (No such file or directory)
execve("/usr/local/bin/python3", ["python3", "./hello.py"], [/* 74 vars */]) = -1 ENOENT (No such file or directory)
execve("/usr/sbin/python3", ["python3", "./hello.py"], [/* 74 vars */]) = -1 ENOENT (No such file or directory)
execve("/usr/bin/python3", ["python3", "./hello.py"], [/* 74 vars */]) = 0
brk(NULL)                               = 0x1414000
access("/etc/ld.so.nohwcap", F_OK)      = -1 ENOENT (No such file or directory)
access("/etc/ld.so.preload", R_OK)      = -1 ENOENT (No such file or directory)
open("/etc/ld.so.cache", O_RDONLY|O_CLOEXEC) = 3
fstat(3, {st_mode=S_IFREG|0644, st_size=99587, ...}) = 0
mmap(NULL, 99587, PROT_READ, MAP_PRIVATE, 3, 0) = 0x7f56065b1000
close(3)                                = 0
access("/etc/ld.so.nohwcap", F_OK)      = -1 ENOENT (No such file or directory)
open("/lib/x86_64-linux-gnu/libpthread.so.0", O_RDONLY|O_CLOEXEC) = 3
read(3, "\177ELF\2\1\1\0\0\0\0\0\0\0\0\0\3\0>\0\1\0\0\0\260`\0\0\0\0\0\0"..., 832) = 832
fstat(3, {st_mode=S_IFREG|0755, st_size=138696, ...}) = 0
mmap(NULL, 4096, PROT_READ|PROT_WRITE, MAP_PRIVATE|MAP_ANONYMOUS, -1, 0) = 0x7f56065b0000
mmap(NULL, 2212904, PROT_READ|PROT_EXEC, MAP_PRIVATE|MAP_DENYWRITE, 3, 0) = 0x7f5606188000
mprotect(0x7f56061a0000, 2093056, PROT_NONE) = 0
mmap(0x7f560639f000, 8192, PROT_READ|PROT_WRITE, MAP_PRIVATE|MAP_FIXED|MAP_DENYWRITE, 3, 0x17000) = 0x7f560639f000
mmap(0x7f56063a1000, 13352, PROT_READ|PROT_WRITE, MAP_PRIVATE|MAP_FIXED|MAP_ANONYMOUS, -1, 0) = 0x7f56063a1000
close(3)                                = 0
access("/etc/ld.so.nohwcap", F_OK)      = -1 ENOENT (No such file or directory)
open("/lib/x86_64-linux-gnu/libc.so.6", O_RDONLY|O_CLOEXEC) = 3
read(3, "\177ELF\2\1\1\3\0\0\0\0\0\0\0\0\3\0>\0\1\0\0\0P\t\2\0\0\0\0\0"..., 832) = 832
fstat(3, {st_mode=S_IFREG|0755, st_size=1868984, ...}) = 0
mmap(NULL, 3971488, PROT_READ|PROT_EXEC, MAP_PRIVATE|MAP_DENYWRITE, 3, 0) = 0x7f5605dbe000
mprotect(0x7f5605f7e000, 2097152, PROT_NONE) = 0
mmap(0x7f560617e000, 24576, PROT_READ|PROT_WRITE, MAP_PRIVATE|MAP_FIXED|MAP_DENYWRITE, 3, 0x1c0000) = 0x7f560617e000
mmap(0x7f5606184000, 14752, PROT_READ|PROT_WRITE, MAP_PRIVATE|MAP_FIXED|MAP_ANONYMOUS, -1, 0) = 0x7f5606184000
close(3)                                = 0
access("/etc/ld.so.nohwcap", F_OK)      = -1 ENOENT (No such file or directory)
open("/lib/x86_64-linux-gnu/libdl.so.2", O_RDONLY|O_CLOEXEC) = 3
read(3, "\177ELF\2\1\1\0\0\0\0\0\0\0\0\0\3\0>\0\1\0\0\0\240\r\0\0\0\0\0\0"..., 832) = 832
fstat(3, {st_mode=S_IFREG|0644, st_size=14608, ...}) = 0
mmap(NULL, 2109680, PROT_READ|PROT_EXEC, MAP_PRIVATE|MAP_DENYWRITE, 3, 0) = 0x7f5605bba000
mprotect(0x7f5605bbd000, 2093056, PROT_NONE) = 0
mmap(0x7f5605dbc000, 8192, PROT_READ|PROT_WRITE, MAP_PRIVATE|MAP_FIXED|MAP_DENYWRITE, 3, 0x2000) = 0x7f5605dbc000
close(3)                                = 0
access("/etc/ld.so.nohwcap", F_OK)      = -1 ENOENT (No such file or directory)
open("/lib/x86_64-linux-gnu/libutil.so.1", O_RDONLY|O_CLOEXEC) = 3
read(3, "\177ELF\2\1\1\0\0\0\0\0\0\0\0\0\3\0>\0\1\0\0\0`\16\0\0\0\0\0\0"..., 832) = 832
fstat(3, {st_mode=S_IFREG|0644, st_size=10656, ...}) = 0
mmap(NULL, 4096, PROT_READ|PROT_WRITE, MAP_PRIVATE|MAP_ANONYMOUS, -1, 0) = 0x7f56065af000
mmap(NULL, 2105608, PROT_READ|PROT_EXEC, MAP_PRIVATE|MAP_DENYWRITE, 3, 0) = 0x7f56059b7000
mprotect(0x7f56059b9000, 2093056, PROT_NONE) = 0
mmap(0x7f5605bb8000, 8192, PROT_READ|PROT_WRITE, MAP_PRIVATE|MAP_FIXED|MAP_DENYWRITE, 3, 0x1000) = 0x7f5605bb8000
close(3)                                = 0
access("/etc/ld.so.nohwcap", F_OK)      = -1 ENOENT (No such file or directory)
open("/lib/x86_64-linux-gnu/libexpat.so.1", O_RDONLY|O_CLOEXEC) = 3
read(3, "\177ELF\2\1\1\0\0\0\0\0\0\0\0\0\3\0>\0\1\0\0\0\0;\0\0\0\0\0\0"..., 832) = 832
fstat(3, {st_mode=S_IFREG|0644, st_size=166032, ...}) = 0
mmap(NULL, 2261096, PROT_READ|PROT_EXEC, MAP_PRIVATE|MAP_DENYWRITE, 3, 0) = 0x7f560578e000
mprotect(0x7f56057b4000, 2097152, PROT_NONE) = 0
mmap(0x7f56059b4000, 12288, PROT_READ|PROT_WRITE, MAP_PRIVATE|MAP_FIXED|MAP_DENYWRITE, 3, 0x26000) = 0x7f56059b4000
close(3)                                = 0
access("/etc/ld.so.nohwcap", F_OK)      = -1 ENOENT (No such file or directory)
open("/lib/x86_64-linux-gnu/libz.so.1", O_RDONLY|O_CLOEXEC) = 3
read(3, "\177ELF\2\1\1\0\0\0\0\0\0\0\0\0\3\0>\0\1\0\0\0\260\35\0\0\0\0\0\0"..., 832) = 832
fstat(3, {st_mode=S_IFREG|0644, st_size=104864, ...}) = 0
mmap(NULL, 2199848, PROT_READ|PROT_EXEC, MAP_PRIVATE|MAP_DENYWRITE, 3, 0) = 0x7f5605574000
mprotect(0x7f560558d000, 2093056, PROT_NONE) = 0
mmap(0x7f560578c000, 8192, PROT_READ|PROT_WRITE, MAP_PRIVATE|MAP_FIXED|MAP_DENYWRITE, 3, 0x18000) = 0x7f560578c000
close(3)                                = 0
access("/etc/ld.so.nohwcap", F_OK)      = -1 ENOENT (No such file or directory)
open("/lib/x86_64-linux-gnu/libm.so.6", O_RDONLY|O_CLOEXEC) = 3
read(3, "\177ELF\2\1\1\3\0\0\0\0\0\0\0\0\3\0>\0\1\0\0\0\0V\0\0\0\0\0\0"..., 832) = 832
fstat(3, {st_mode=S_IFREG|0644, st_size=1088952, ...}) = 0
mmap(NULL, 4096, PROT_READ|PROT_WRITE, MAP_PRIVATE|MAP_ANONYMOUS, -1, 0) = 0x7f56065ae000
mmap(NULL, 3178744, PROT_READ|PROT_EXEC, MAP_PRIVATE|MAP_DENYWRITE, 3, 0) = 0x7f560526b000
mprotect(0x7f5605373000, 2093056, PROT_NONE) = 0
mmap(0x7f5605572000, 8192, PROT_READ|PROT_WRITE, MAP_PRIVATE|MAP_FIXED|MAP_DENYWRITE, 3, 0x107000) = 0x7f5605572000
close(3)                                = 0
mmap(NULL, 4096, PROT_READ|PROT_WRITE, MAP_PRIVATE|MAP_ANONYMOUS, -1, 0) = 0x7f56065ad000
mmap(NULL, 4096, PROT_READ|PROT_WRITE, MAP_PRIVATE|MAP_ANONYMOUS, -1, 0) = 0x7f56065ac000
mmap(NULL, 4096, PROT_READ|PROT_WRITE, MAP_PRIVATE|MAP_ANONYMOUS, -1, 0) = 0x7f56065ab000
arch_prctl(ARCH_SET_FS, 0x7f56065ac700) = 0
mprotect(0x7f560617e000, 16384, PROT_READ) = 0
mprotect(0x7f5605572000, 4096, PROT_READ) = 0
mprotect(0x7f560578c000, 4096, PROT_READ) = 0
mprotect(0x7f56059b4000, 8192, PROT_READ) = 0
mprotect(0x7f5605bb8000, 4096, PROT_READ) = 0
mprotect(0x7f5605dbc000, 4096, PROT_READ) = 0
mprotect(0x7f560639f000, 4096, PROT_READ) = 0
mprotect(0x9a6000, 8192, PROT_READ)     = 0
mprotect(0x7f56065ca000, 4096, PROT_READ) = 0
munmap(0x7f56065b1000, 99587)           = 0
set_tid_address(0x7f56065ac9d0)         = 5077
set_robust_list(0x7f56065ac9e0, 24)     = 0
rt_sigaction(SIGRTMIN, {0x7f560618db50, [], SA_RESTORER|SA_SIGINFO, 0x7f5606199390}, NULL, 8) = 0
rt_sigaction(SIGRT_1, {0x7f560618dbe0, [], SA_RESTORER|SA_RESTART|SA_SIGINFO, 0x7f5606199390}, NULL, 8) = 0
rt_sigprocmask(SIG_UNBLOCK, [RTMIN RT_1], NULL, 8) = 0
getrlimit(RLIMIT_STACK, {rlim_cur=8192*1024, rlim_max=RLIM64_INFINITY}) = 0
brk(NULL)                               = 0x1414000
brk(0x1435000)                          = 0x1435000
open("/usr/lib/locale/locale-archive", O_RDONLY|O_CLOEXEC) = 3
fstat(3, {st_mode=S_IFREG|0644, st_size=4017568, ...}) = 0
mmap(NULL, 4017568, PROT_READ, MAP_PRIVATE, 3, 0) = 0x7f5604e96000
close(3)                                = 0
open("/usr/lib/x86_64-linux-gnu/gconv/gconv-modules.cache", O_RDONLY) = 3
fstat(3, {st_mode=S_IFREG|0644, st_size=26258, ...}) = 0
mmap(NULL, 26258, PROT_READ, MAP_SHARED, 3, 0) = 0x7f56065c3000
close(3)                                = 0
futex(0x7f56061838c8, FUTEX_WAKE_PRIVATE, 2147483647) = 0
getrandom("\230k\264>GR\305\221n\256%O\336\247l\212M\252R\235\301<}\342", 24, GRND_NONBLOCK) = 24
ioctl(0, TCGETS, {B38400 opost isig icanon echo ...}) = 0
mmap(NULL, 262144, PROT_READ|PROT_WRITE, MAP_PRIVATE|MAP_ANONYMOUS, -1, 0) = 0x7f560656b000
mmap(NULL, 262144, PROT_READ|PROT_WRITE, MAP_PRIVATE|MAP_ANONYMOUS, -1, 0) = 0x7f560652b000
brk(0x1456000)                          = 0x1456000
fstat(0, {st_mode=S_IFCHR|0620, st_rdev=makedev(136, 4), ...}) = 0
stat("/usr/local/sbin/python3", 0x7fffe34deb80) = -1 ENOENT (No such file or directory)
stat("/usr/local/bin/python3", 0x7fffe34deb80) = -1 ENOENT (No such file or directory)
stat("/usr/sbin/python3", 0x7fffe34deb80) = -1 ENOENT (No such file or directory)
stat("/usr/bin/python3", {st_mode=S_IFREG|0755, st_size=4452016, ...}) = 0
readlink("/usr/bin/python3", "python3.5", 4096) = 9
readlink("/usr/bin/python3.5", 0x7fffe34d3ac0, 4096) = -1 EINVAL (Invalid argument)
open("/usr/bin/pyvenv.cfg", O_RDONLY)   = -1 ENOENT (No such file or directory)
open("/usr/pyvenv.cfg", O_RDONLY)       = -1 ENOENT (No such file or directory)
stat("/usr/bin/Modules/Setup", 0x7fffe34deb80) = -1 ENOENT (No such file or directory)
stat("/usr/bin/lib/python3.5/os.py", 0x7fffe34d4a50) = -1 ENOENT (No such file or directory)
stat("/usr/bin/lib/python3.5/os.pyc", 0x7fffe34d4a50) = -1 ENOENT (No such file or directory)
stat("/usr/lib/python3.5/os.py", {st_mode=S_IFREG|0644, st_size=36970, ...}) = 0
stat("/usr/bin/pybuilddir.txt", 0x7fffe34deb80) = -1 ENOENT (No such file or directory)
stat("/usr/bin/lib/python3.5/lib-dynload", 0x7fffe34deb80) = -1 ENOENT (No such file or directory)
stat("/usr/lib/python3.5/lib-dynload", {st_mode=S_IFDIR|0755, st_size=12288, ...}) = 0
mmap(NULL, 262144, PROT_READ|PROT_WRITE, MAP_PRIVATE|MAP_ANONYMOUS, -1, 0) = 0x7f56064eb000
brk(0x1477000)                          = 0x1477000
sysinfo({uptime=3568, loads=[20480, 14944, 7776], totalram=33652174848, freeram=30904008704, sharedram=58646528, bufferram=124055552, totalswap=31999389696, freeswap=31999389696, procs=585, totalhigh=0, freehigh=0, mem_unit=1}) = 0
brk(0x149e000)                          = 0x149e000
sigaltstack({ss_sp=0x144b050, ss_flags=0, ss_size=8192}, NULL) = 0
stat("/usr/lib/python35.zip", 0x7fffe34e5a80) = -1 ENOENT (No such file or directory)
stat("/usr/lib", {st_mode=S_IFDIR|0755, st_size=4096, ...}) = 0
stat("/usr/lib/python35.zip", 0x7fffe34e5500) = -1 ENOENT (No such file or directory)
stat("/usr/lib/python3.5/", {st_mode=S_IFDIR|0755, st_size=20480, ...}) = 0
stat("/usr/lib/python3.5/", {st_mode=S_IFDIR|0755, st_size=20480, ...}) = 0
stat("/usr/lib/python3.5/", {st_mode=S_IFDIR|0755, st_size=20480, ...}) = 0
open("/usr/lib/python3.5/", O_RDONLY|O_NONBLOCK|O_DIRECTORY|O_CLOEXEC) = 3
fstat(3, {st_mode=S_IFDIR|0755, st_size=20480, ...}) = 0
getdents(3, /* 204 entries */, 32768)   = 6776
getdents(3, /* 0 entries */, 32768)     = 0
close(3)                                = 0
stat("/usr/lib/python3.5/encodings/__init__.cpython-35m-x86_64-linux-gnu.so", 0x7fffe34e5760) = -1 ENOENT (No such file or directory)
stat("/usr/lib/python3.5/encodings/__init__.abi3.so", 0x7fffe34e5760) = -1 ENOENT (No such file or directory)
stat("/usr/lib/python3.5/encodings/__init__.so", 0x7fffe34e5760) = -1 ENOENT (No such file or directory)
stat("/usr/lib/python3.5/encodings/__init__.py", {st_mode=S_IFREG|0644, st_size=5067, ...}) = 0
stat("/usr/lib/python3.5/encodings/__init__.py", {st_mode=S_IFREG|0644, st_size=5067, ...}) = 0
open("/usr/lib/python3.5/encodings/__pycache__/__init__.cpython-35.pyc", O_RDONLY|O_CLOEXEC) = 3
fcntl(3, F_GETFD)                       = 0x1 (flags FD_CLOEXEC)
fstat(3, {st_mode=S_IFREG|0644, st_size=3834, ...}) = 0
lseek(3, 0, SEEK_CUR)                   = 0
fstat(3, {st_mode=S_IFREG|0644, st_size=3834, ...}) = 0
read(3, "\26\r\r\n~\237\234]\313\23\0\0\343\0\0\0\0\0\0\0\0\0\0\0\0\5\0\0\0@\0\0"..., 3835) = 3834
read(3, "", 1)                          = 0
close(3)                                = 0
stat("/usr/lib/python3.5/", {st_mode=S_IFDIR|0755, st_size=20480, ...}) = 0
stat("/usr/lib/python3.5/codecs.py", {st_mode=S_IFREG|0644, st_size=36231, ...}) = 0
stat("/usr/lib/python3.5/codecs.py", {st_mode=S_IFREG|0644, st_size=36231, ...}) = 0
open("/usr/lib/python3.5/__pycache__/codecs.cpython-35.pyc", O_RDONLY|O_CLOEXEC) = 3
fstat(3, {st_mode=S_IFREG|0644, st_size=35288, ...}) = 0
lseek(3, 0, SEEK_CUR)                   = 0
fstat(3, {st_mode=S_IFREG|0644, st_size=35288, ...}) = 0
read(3, "\26\r\r\n}\237\234]\207\215\0\0\343\0\0\0\0\0\0\0\0\0\0\0\0:\0\0\0@\0\0"..., 35289) = 35288
read(3, "", 1)                          = 0
close(3)                                = 0
mmap(NULL, 262144, PROT_READ|PROT_WRITE, MAP_PRIVATE|MAP_ANONYMOUS, -1, 0) = 0x7f56064ab000
stat("/usr/lib/python3.5/encodings", {st_mode=S_IFDIR|0755, st_size=20480, ...}) = 0
stat("/usr/lib/python3.5/encodings", {st_mode=S_IFDIR|0755, st_size=20480, ...}) = 0
stat("/usr/lib/python3.5/encodings", {st_mode=S_IFDIR|0755, st_size=20480, ...}) = 0
open("/usr/lib/python3.5/encodings", O_RDONLY|O_NONBLOCK|O_DIRECTORY|O_CLOEXEC) = 3
fstat(3, {st_mode=S_IFDIR|0755, st_size=20480, ...}) = 0
brk(0x14c0000)                          = 0x14c0000
getdents(3, /* 127 entries */, 32768)   = 4304
getdents(3, /* 0 entries */, 32768)     = 0
brk(0x14b8000)                          = 0x14b8000
close(3)                                = 0
stat("/usr/lib/python3.5/encodings/aliases.py", {st_mode=S_IFREG|0644, st_size=15542, ...}) = 0
stat("/usr/lib/python3.5/encodings/aliases.py", {st_mode=S_IFREG|0644, st_size=15542, ...}) = 0
open("/usr/lib/python3.5/encodings/__pycache__/aliases.cpython-35.pyc", O_RDONLY|O_CLOEXEC) = 3
fstat(3, {st_mode=S_IFREG|0644, st_size=7550, ...}) = 0
lseek(3, 0, SEEK_CUR)                   = 0
fstat(3, {st_mode=S_IFREG|0644, st_size=7550, ...}) = 0
read(3, "\26\r\r\n~\237\234]\266<\0\0\343\0\0\0\0\0\0\0\0\0\0\0\0\204\2\0\0@\0\0"..., 7551) = 7550
read(3, "", 1)                          = 0
close(3)                                = 0
stat("/usr/lib/python3.5/encodings", {st_mode=S_IFDIR|0755, st_size=20480, ...}) = 0
stat("/usr/lib/python3.5/encodings/utf_8.py", {st_mode=S_IFREG|0644, st_size=1005, ...}) = 0
stat("/usr/lib/python3.5/encodings/utf_8.py", {st_mode=S_IFREG|0644, st_size=1005, ...}) = 0
open("/usr/lib/python3.5/encodings/__pycache__/utf_8.cpython-35.pyc", O_RDONLY|O_CLOEXEC) = 3
fstat(3, {st_mode=S_IFREG|0644, st_size=1694, ...}) = 0
lseek(3, 0, SEEK_CUR)                   = 0
fstat(3, {st_mode=S_IFREG|0644, st_size=1694, ...}) = 0
read(3, "\26\r\r\n\177\237\234]\355\3\0\0\343\0\0\0\0\0\0\0\0\0\0\0\0\4\0\0\0@\0\0"..., 1695) = 1694
read(3, "", 1)                          = 0
close(3)                                = 0
rt_sigaction(SIGPIPE, {SIG_IGN, [], SA_RESTORER, 0x7f5606199390}, {SIG_DFL, [], 0}, 8) = 0
rt_sigaction(SIGXFSZ, {SIG_IGN, [], SA_RESTORER, 0x7f5606199390}, {SIG_DFL, [], 0}, 8) = 0
rt_sigaction(SIGHUP, NULL, {SIG_DFL, [], 0}, 8) = 0
rt_sigaction(SIGINT, NULL, {SIG_DFL, [], 0}, 8) = 0
rt_sigaction(SIGQUIT, NULL, {SIG_DFL, [], 0}, 8) = 0
rt_sigaction(SIGILL, NULL, {SIG_DFL, [], 0}, 8) = 0
rt_sigaction(SIGTRAP, NULL, {SIG_DFL, [], 0}, 8) = 0
rt_sigaction(SIGABRT, NULL, {SIG_DFL, [], 0}, 8) = 0
rt_sigaction(SIGBUS, NULL, {SIG_DFL, [], 0}, 8) = 0
rt_sigaction(SIGFPE, NULL, {SIG_DFL, [], 0}, 8) = 0
rt_sigaction(SIGKILL, NULL, {SIG_DFL, [], 0}, 8) = 0
rt_sigaction(SIGUSR1, NULL, {SIG_DFL, [], 0}, 8) = 0
rt_sigaction(SIGSEGV, NULL, {SIG_DFL, [], 0}, 8) = 0
rt_sigaction(SIGUSR2, NULL, {SIG_DFL, [], 0}, 8) = 0
rt_sigaction(SIGPIPE, NULL, {SIG_IGN, [], SA_RESTORER, 0x7f5606199390}, 8) = 0
rt_sigaction(SIGALRM, NULL, {SIG_DFL, [], 0}, 8) = 0
rt_sigaction(SIGTERM, NULL, {SIG_DFL, [], 0}, 8) = 0
rt_sigaction(SIGSTKFLT, NULL, {SIG_DFL, [], 0}, 8) = 0
rt_sigaction(SIGCHLD, NULL, {SIG_DFL, [], 0}, 8) = 0
rt_sigaction(SIGCONT, NULL, {SIG_DFL, [], 0}, 8) = 0
rt_sigaction(SIGSTOP, NULL, {SIG_DFL, [], 0}, 8) = 0
rt_sigaction(SIGTSTP, NULL, {SIG_DFL, [], 0}, 8) = 0
rt_sigaction(SIGTTIN, NULL, {SIG_DFL, [], 0}, 8) = 0
rt_sigaction(SIGTTOU, NULL, {SIG_DFL, [], 0}, 8) = 0
rt_sigaction(SIGURG, NULL, {SIG_DFL, [], 0}, 8) = 0
rt_sigaction(SIGXCPU, NULL, {SIG_DFL, [], 0}, 8) = 0
rt_sigaction(SIGXFSZ, NULL, {SIG_IGN, [], SA_RESTORER, 0x7f5606199390}, 8) = 0
rt_sigaction(SIGVTALRM, NULL, {SIG_DFL, [], 0}, 8) = 0
rt_sigaction(SIGPROF, NULL, {SIG_DFL, [], 0}, 8) = 0
rt_sigaction(SIGWINCH, NULL, {SIG_DFL, [], 0}, 8) = 0
rt_sigaction(SIGIO, NULL, {SIG_DFL, [], 0}, 8) = 0
rt_sigaction(SIGPWR, NULL, {SIG_DFL, [], 0}, 8) = 0
rt_sigaction(SIGSYS, NULL, {SIG_DFL, [], 0}, 8) = 0
rt_sigaction(SIGRT_2, NULL, {SIG_DFL, [], 0}, 8) = 0
rt_sigaction(SIGRT_3, NULL, {SIG_DFL, [], 0}, 8) = 0
rt_sigaction(SIGRT_4, NULL, {SIG_DFL, [], 0}, 8) = 0
rt_sigaction(SIGRT_5, NULL, {SIG_DFL, [], 0}, 8) = 0
rt_sigaction(SIGRT_6, NULL, {SIG_DFL, [], 0}, 8) = 0
rt_sigaction(SIGRT_7, NULL, {SIG_DFL, [], 0}, 8) = 0
rt_sigaction(SIGRT_8, NULL, {SIG_DFL, [], 0}, 8) = 0
rt_sigaction(SIGRT_9, NULL, {SIG_DFL, [], 0}, 8) = 0
rt_sigaction(SIGRT_10, NULL, {SIG_DFL, [], 0}, 8) = 0
rt_sigaction(SIGRT_11, NULL, {SIG_DFL, [], 0}, 8) = 0
rt_sigaction(SIGRT_12, NULL, {SIG_DFL, [], 0}, 8) = 0
rt_sigaction(SIGRT_13, NULL, {SIG_DFL, [], 0}, 8) = 0
rt_sigaction(SIGRT_14, NULL, {SIG_DFL, [], 0}, 8) = 0
rt_sigaction(SIGRT_15, NULL, {SIG_DFL, [], 0}, 8) = 0
rt_sigaction(SIGRT_16, NULL, {SIG_DFL, [], 0}, 8) = 0
rt_sigaction(SIGRT_17, NULL, {SIG_DFL, [], 0}, 8) = 0
rt_sigaction(SIGRT_18, NULL, {SIG_DFL, [], 0}, 8) = 0
rt_sigaction(SIGRT_19, NULL, {SIG_DFL, [], 0}, 8) = 0
rt_sigaction(SIGRT_20, NULL, {SIG_DFL, [], 0}, 8) = 0
rt_sigaction(SIGRT_21, NULL, {SIG_DFL, [], 0}, 8) = 0
rt_sigaction(SIGRT_22, NULL, {SIG_DFL, [], 0}, 8) = 0
rt_sigaction(SIGRT_23, NULL, {SIG_DFL, [], 0}, 8) = 0
rt_sigaction(SIGRT_24, NULL, {SIG_DFL, [], 0}, 8) = 0
rt_sigaction(SIGRT_25, NULL, {SIG_DFL, [], 0}, 8) = 0
rt_sigaction(SIGRT_26, NULL, {SIG_DFL, [], 0}, 8) = 0
rt_sigaction(SIGRT_27, NULL, {SIG_DFL, [], 0}, 8) = 0
rt_sigaction(SIGRT_28, NULL, {SIG_DFL, [], 0}, 8) = 0
rt_sigaction(SIGRT_29, NULL, {SIG_DFL, [], 0}, 8) = 0
rt_sigaction(SIGRT_30, NULL, {SIG_DFL, [], 0}, 8) = 0
rt_sigaction(SIGRT_31, NULL, {SIG_DFL, [], 0}, 8) = 0
rt_sigaction(SIGRT_32, NULL, {SIG_DFL, [], 0}, 8) = 0
rt_sigaction(SIGINT, {0x63cbb0, [], SA_RESTORER, 0x7f5606199390}, {SIG_DFL, [], 0}, 8) = 0
stat("/usr/lib/python3.5/encodings", {st_mode=S_IFDIR|0755, st_size=20480, ...}) = 0
stat("/usr/lib/python3.5/encodings/latin_1.py", {st_mode=S_IFREG|0644, st_size=1264, ...}) = 0
stat("/usr/lib/python3.5/encodings/latin_1.py", {st_mode=S_IFREG|0644, st_size=1264, ...}) = 0
open("/usr/lib/python3.5/encodings/__pycache__/latin_1.cpython-35.pyc", O_RDONLY|O_CLOEXEC) = 3
fstat(3, {st_mode=S_IFREG|0644, st_size=2006, ...}) = 0
lseek(3, 0, SEEK_CUR)                   = 0
fstat(3, {st_mode=S_IFREG|0644, st_size=2006, ...}) = 0
read(3, "\26\r\r\n\177\237\234]\360\4\0\0\343\0\0\0\0\0\0\0\0\0\0\0\0\5\0\0\0@\0\0"..., 2007) = 2006
read(3, "", 1)                          = 0
close(3)                                = 0
stat("/usr/lib/python3.5/", {st_mode=S_IFDIR|0755, st_size=20480, ...}) = 0
stat("/usr/lib/python3.5/io.py", {st_mode=S_IFREG|0644, st_size=3396, ...}) = 0
stat("/usr/lib/python3.5/io.py", {st_mode=S_IFREG|0644, st_size=3396, ...}) = 0
open("/usr/lib/python3.5/__pycache__/io.cpython-35.pyc", O_RDONLY|O_CLOEXEC) = 3
fstat(3, {st_mode=S_IFREG|0644, st_size=3443, ...}) = 0
lseek(3, 0, SEEK_CUR)                   = 0
fstat(3, {st_mode=S_IFREG|0644, st_size=3443, ...}) = 0
read(3, "\26\r\r\n}\237\234]D\r\0\0\343\0\0\0\0\0\0\0\0\0\0\0\0\22\0\0\0@\0\0"..., 3444) = 3443
read(3, "", 1)                          = 0
close(3)                                = 0
stat("/usr/lib/python3.5/", {st_mode=S_IFDIR|0755, st_size=20480, ...}) = 0
stat("/usr/lib/python3.5/abc.py", {st_mode=S_IFREG|0644, st_size=8628, ...}) = 0
stat("/usr/lib/python3.5/abc.py", {st_mode=S_IFREG|0644, st_size=8628, ...}) = 0
open("/usr/lib/python3.5/__pycache__/abc.cpython-35.pyc", O_RDONLY|O_CLOEXEC) = 3
fstat(3, {st_mode=S_IFREG|0644, st_size=7850, ...}) = 0
lseek(3, 0, SEEK_CUR)                   = 0
fstat(3, {st_mode=S_IFREG|0644, st_size=7850, ...}) = 0
read(3, "\26\r\r\n}\237\234]\264!\0\0\343\0\0\0\0\0\0\0\0\0\0\0\0\5\0\0\0@\0\0"..., 7851) = 7850
read(3, "", 1)                          = 0
close(3)                                = 0
stat("/usr/lib/python3.5/", {st_mode=S_IFDIR|0755, st_size=20480, ...}) = 0
stat("/usr/lib/python3.5/_weakrefset.py", {st_mode=S_IFREG|0644, st_size=5705, ...}) = 0
stat("/usr/lib/python3.5/_weakrefset.py", {st_mode=S_IFREG|0644, st_size=5705, ...}) = 0
open("/usr/lib/python3.5/__pycache__/_weakrefset.cpython-35.pyc", O_RDONLY|O_CLOEXEC) = 3
fstat(3, {st_mode=S_IFREG|0644, st_size=8406, ...}) = 0
lseek(3, 0, SEEK_CUR)                   = 0
fstat(3, {st_mode=S_IFREG|0644, st_size=8406, ...}) = 0
read(3, "\26\r\r\n}\237\234]I\26\0\0\343\0\0\0\0\0\0\0\0\0\0\0\0\3\0\0\0@\0\0"..., 8407) = 8406
read(3, "", 1)                          = 0
close(3)                                = 0
dup(0)                                  = 3
close(3)                                = 0
fstat(0, {st_mode=S_IFCHR|0620, st_rdev=makedev(136, 4), ...}) = 0
ioctl(0, TCGETS, {B38400 opost isig icanon echo ...}) = 0
lseek(0, 0, SEEK_CUR)                   = -1 ESPIPE (Illegal seek)
ioctl(0, TCGETS, {B38400 opost isig icanon echo ...}) = 0
ioctl(0, TCGETS, {B38400 opost isig icanon echo ...}) = 0
lseek(0, 0, SEEK_CUR)                   = -1 ESPIPE (Illegal seek)
dup(1)                                  = 3
close(3)                                = 0
fstat(1, {st_mode=S_IFCHR|0620, st_rdev=makedev(136, 4), ...}) = 0
ioctl(1, TCGETS, {B38400 opost isig icanon echo ...}) = 0
lseek(1, 0, SEEK_CUR)                   = -1 ESPIPE (Illegal seek)
ioctl(1, TCGETS, {B38400 opost isig icanon echo ...}) = 0
ioctl(1, TCGETS, {B38400 opost isig icanon echo ...}) = 0
lseek(1, 0, SEEK_CUR)                   = -1 ESPIPE (Illegal seek)
dup(2)                                  = 3
close(3)                                = 0
fstat(2, {st_mode=S_IFCHR|0620, st_rdev=makedev(136, 4), ...}) = 0
ioctl(2, TCGETS, {B38400 opost isig icanon echo ...}) = 0
lseek(2, 0, SEEK_CUR)                   = -1 ESPIPE (Illegal seek)
ioctl(2, TCGETS, {B38400 opost isig icanon echo ...}) = 0
ioctl(2, TCGETS, {B38400 opost isig icanon echo ...}) = 0
lseek(2, 0, SEEK_CUR)                   = -1 ESPIPE (Illegal seek)
stat("/usr/lib/python3.5/", {st_mode=S_IFDIR|0755, st_size=20480, ...}) = 0
stat("/usr/lib/python3.5/site.py", {st_mode=S_IFREG|0644, st_size=22258, ...}) = 0
stat("/usr/lib/python3.5/site.py", {st_mode=S_IFREG|0644, st_size=22258, ...}) = 0
open("/usr/lib/python3.5/__pycache__/site.cpython-35.pyc", O_RDONLY|O_CLOEXEC) = 3
fstat(3, {st_mode=S_IFREG|0644, st_size=18143, ...}) = 0
lseek(3, 0, SEEK_CUR)                   = 0
fstat(3, {st_mode=S_IFREG|0644, st_size=18143, ...}) = 0
read(3, "\26\r\r\n}\237\234]\362V\0\0\343\0\0\0\0\0\0\0\0\0\0\0\0\3\0\0\0@\0\0"..., 18144) = 18143
read(3, "", 1)                          = 0
close(3)                                = 0
stat("/usr/lib/python3.5/", {st_mode=S_IFDIR|0755, st_size=20480, ...}) = 0
stat("/usr/lib/python3.5/os.py", {st_mode=S_IFREG|0644, st_size=36970, ...}) = 0
stat("/usr/lib/python3.5/os.py", {st_mode=S_IFREG|0644, st_size=36970, ...}) = 0
open("/usr/lib/python3.5/__pycache__/os.cpython-35.pyc", O_RDONLY|O_CLOEXEC) = 3
fstat(3, {st_mode=S_IFREG|0644, st_size=31295, ...}) = 0
lseek(3, 0, SEEK_CUR)                   = 0
fstat(3, {st_mode=S_IFREG|0644, st_size=31295, ...}) = 0
read(3, "\26\r\r\n}\237\234]j\220\0\0\343\0\0\0\0\0\0\0\0\0\0\0\0000\0\0\0@\0\0"..., 31296) = 31295
read(3, "", 1)                          = 0
close(3)                                = 0
brk(0x14d9000)                          = 0x14d9000
mmap(NULL, 262144, PROT_READ|PROT_WRITE, MAP_PRIVATE|MAP_ANONYMOUS, -1, 0) = 0x7f560646b000
stat("/usr/lib/python3.5/", {st_mode=S_IFDIR|0755, st_size=20480, ...}) = 0
stat("/usr/lib/python3.5/stat.py", {st_mode=S_IFREG|0644, st_size=5038, ...}) = 0
stat("/usr/lib/python3.5/stat.py", {st_mode=S_IFREG|0644, st_size=5038, ...}) = 0
open("/usr/lib/python3.5/__pycache__/stat.cpython-35.pyc", O_RDONLY|O_CLOEXEC) = 3
fstat(3, {st_mode=S_IFREG|0644, st_size=4147, ...}) = 0
lseek(3, 0, SEEK_CUR)                   = 0
fstat(3, {st_mode=S_IFREG|0644, st_size=4147, ...}) = 0
read(3, "\26\r\r\n}\237\234]\256\23\0\0\343\0\0\0\0\0\0\0\0\0\0\0\0\r\0\0\0@\0\0"..., 4148) = 4147
read(3, "", 1)                          = 0
close(3)                                = 0
stat("/usr/lib/python3.5/", {st_mode=S_IFDIR|0755, st_size=20480, ...}) = 0
stat("/usr/lib/python3.5/posixpath.py", {st_mode=S_IFREG|0644, st_size=14881, ...}) = 0
stat("/usr/lib/python3.5/posixpath.py", {st_mode=S_IFREG|0644, st_size=14881, ...}) = 0
open("/usr/lib/python3.5/__pycache__/posixpath.cpython-35.pyc", O_RDONLY|O_CLOEXEC) = 3
fstat(3, {st_mode=S_IFREG|0644, st_size=11120, ...}) = 0
lseek(3, 0, SEEK_CUR)                   = 0
fstat(3, {st_mode=S_IFREG|0644, st_size=11120, ...}) = 0
read(3, "\26\r\r\n}\237\234]!:\0\0\343\0\0\0\0\0\0\0\0\0\0\0\0&\0\0\0@\0\0"..., 11121) = 11120
read(3, "", 1)                          = 0
close(3)                                = 0
stat("/usr/lib/python3.5/", {st_mode=S_IFDIR|0755, st_size=20480, ...}) = 0
stat("/usr/lib/python3.5/genericpath.py", {st_mode=S_IFREG|0644, st_size=4364, ...}) = 0
stat("/usr/lib/python3.5/genericpath.py", {st_mode=S_IFREG|0644, st_size=4364, ...}) = 0
open("/usr/lib/python3.5/__pycache__/genericpath.cpython-35.pyc", O_RDONLY|O_CLOEXEC) = 3
fstat(3, {st_mode=S_IFREG|0644, st_size=3917, ...}) = 0
lseek(3, 0, SEEK_CUR)                   = 0
fstat(3, {st_mode=S_IFREG|0644, st_size=3917, ...}) = 0
read(3, "\26\r\r\n}\237\234]\f\21\0\0\343\0\0\0\0\0\0\0\0\0\0\0\0\v\0\0\0@\0\0"..., 3918) = 3917
read(3, "", 1)                          = 0
close(3)                                = 0
stat("/usr/lib/python3.5/", {st_mode=S_IFDIR|0755, st_size=20480, ...}) = 0
stat("/usr/lib/python3.5/_collections_abc.py", {st_mode=S_IFREG|0644, st_size=24706, ...}) = 0
stat("/usr/lib/python3.5/_collections_abc.py", {st_mode=S_IFREG|0644, st_size=24706, ...}) = 0
open("/usr/lib/python3.5/__pycache__/_collections_abc.cpython-35.pyc", O_RDONLY|O_CLOEXEC) = 3
fstat(3, {st_mode=S_IFREG|0644, st_size=29622, ...}) = 0
lseek(3, 0, SEEK_CUR)                   = 0
fstat(3, {st_mode=S_IFREG|0644, st_size=29622, ...}) = 0
read(3, "\26\r\r\n}\237\234]\202`\0\0\343\0\0\0\0\0\0\0\0\0\0\0\0\26\0\0\0@\0\0"..., 29623) = 29622
read(3, "", 1)                          = 0
close(3)                                = 0
mmap(NULL, 262144, PROT_READ|PROT_WRITE, MAP_PRIVATE|MAP_ANONYMOUS, -1, 0) = 0x7f560642b000
stat("/usr/lib/python3.5/", {st_mode=S_IFDIR|0755, st_size=20480, ...}) = 0
stat("/usr/lib/python3.5/_sitebuiltins.py", {st_mode=S_IFREG|0644, st_size=3115, ...}) = 0
stat("/usr/lib/python3.5/_sitebuiltins.py", {st_mode=S_IFREG|0644, st_size=3115, ...}) = 0
open("/usr/lib/python3.5/__pycache__/_sitebuiltins.cpython-35.pyc", O_RDONLY|O_CLOEXEC) = 3
fstat(3, {st_mode=S_IFREG|0644, st_size=3654, ...}) = 0
lseek(3, 0, SEEK_CUR)                   = 0
fstat(3, {st_mode=S_IFREG|0644, st_size=3654, ...}) = 0
read(3, "\26\r\r\n}\237\234]+\f\0\0\343\0\0\0\0\0\0\0\0\0\0\0\0\4\0\0\0@\0\0"..., 3655) = 3654
read(3, "", 1)                          = 0
close(3)                                = 0
stat("/usr/bin/pyvenv.cfg", 0x7fffe34e5760) = -1 ENOENT (No such file or directory)
stat("/usr/pyvenv.cfg", 0x7fffe34e5760) = -1 ENOENT (No such file or directory)
geteuid()                               = 1000
getuid()                                = 1000
getegid()                               = 1000
getgid()                                = 1000
stat("/usr/lib/python3.5", {st_mode=S_IFDIR|0755, st_size=20480, ...}) = 0
stat("/usr/lib/python3.5", {st_mode=S_IFDIR|0755, st_size=20480, ...}) = 0
stat("/usr/lib/python3.5", {st_mode=S_IFDIR|0755, st_size=20480, ...}) = 0
open("/usr/lib/python3.5", O_RDONLY|O_NONBLOCK|O_DIRECTORY|O_CLOEXEC) = 3
fstat(3, {st_mode=S_IFDIR|0755, st_size=20480, ...}) = 0
getdents(3, /* 204 entries */, 32768)   = 6776
getdents(3, /* 0 entries */, 32768)     = 0
close(3)                                = 0
stat("/usr/lib/python3.5/sysconfig.py", {st_mode=S_IFREG|0644, st_size=24650, ...}) = 0
stat("/usr/lib/python3.5/sysconfig.py", {st_mode=S_IFREG|0644, st_size=24650, ...}) = 0
open("/usr/lib/python3.5/__pycache__/sysconfig.cpython-35.pyc", O_RDONLY|O_CLOEXEC) = 3
fstat(3, {st_mode=S_IFREG|0644, st_size=17045, ...}) = 0
lseek(3, 0, SEEK_CUR)                   = 0
fstat(3, {st_mode=S_IFREG|0644, st_size=17045, ...}) = 0
read(3, "\26\r\r\n}\237\234]J`\0\0\343\0\0\0\0\0\0\0\0\0\0\0\0\31\0\0\0@\0\0"..., 17046) = 17045
read(3, "", 1)                          = 0
close(3)                                = 0
brk(0x14fa000)                          = 0x14fa000
mmap(NULL, 200704, PROT_READ|PROT_WRITE, MAP_PRIVATE|MAP_ANONYMOUS, -1, 0) = 0x7f56063fa000
lstat("/usr", {st_mode=S_IFDIR|0755, st_size=4096, ...}) = 0
lstat("/usr/bin", {st_mode=S_IFDIR|0755, st_size=61440, ...}) = 0
lstat("/usr/bin/python3", {st_mode=S_IFLNK|0777, st_size=9, ...}) = 0
readlink("/usr/bin/python3", "python3.5", 4096) = 9
lstat("/usr/bin/python3.5", {st_mode=S_IFREG|0755, st_size=4452016, ...}) = 0
stat("/usr/bin/Modules/Setup.dist", 0x7fffe34e4620) = -1 ENOENT (No such file or directory)
stat("/usr/bin/Modules/Setup.local", 0x7fffe34e4620) = -1 ENOENT (No such file or directory)
brk(0x14f4000)                          = 0x14f4000
stat("/usr/lib/python3.5", {st_mode=S_IFDIR|0755, st_size=20480, ...}) = 0
stat("/usr/lib/python3.5/_sysconfigdata.py", {st_mode=S_IFREG|0644, st_size=126, ...}) = 0
stat("/usr/lib/python3.5/_sysconfigdata.py", {st_mode=S_IFREG|0644, st_size=126, ...}) = 0
open("/usr/lib/python3.5/__pycache__/_sysconfigdata.cpython-35.pyc", O_RDONLY|O_CLOEXEC) = 3
fstat(3, {st_mode=S_IFREG|0644, st_size=251, ...}) = 0
lseek(3, 0, SEEK_CUR)                   = 0
fstat(3, {st_mode=S_IFREG|0644, st_size=251, ...}) = 0
read(3, "\26\r\r\n\f\233\220R~\0\0\0\343\0\0\0\0\0\0\0\0\0\0\0\0\3\0\0\0@\0\0"..., 252) = 251
read(3, "", 1)                          = 0
close(3)                                = 0
stat("/usr/lib/python3.5", {st_mode=S_IFDIR|0755, st_size=20480, ...}) = 0
stat("/usr/lib/python3.5/plat-x86_64-linux-gnu", {st_mode=S_IFDIR|0755, st_size=4096, ...}) = 0
stat("/usr/lib/python3.5/plat-x86_64-linux-gnu", {st_mode=S_IFDIR|0755, st_size=4096, ...}) = 0
stat("/usr/lib/python3.5/plat-x86_64-linux-gnu", {st_mode=S_IFDIR|0755, st_size=4096, ...}) = 0
open("/usr/lib/python3.5/plat-x86_64-linux-gnu", O_RDONLY|O_NONBLOCK|O_DIRECTORY|O_CLOEXEC) = 3
fstat(3, {st_mode=S_IFDIR|0755, st_size=4096, ...}) = 0
getdents(3, /* 8 entries */, 32768)     = 248
getdents(3, /* 0 entries */, 32768)     = 0
close(3)                                = 0
stat("/usr/lib/python3.5/plat-x86_64-linux-gnu/_sysconfigdata_m.py", {st_mode=S_IFREG|0644, st_size=21469, ...}) = 0
stat("/usr/lib/python3.5/plat-x86_64-linux-gnu/_sysconfigdata_m.py", {st_mode=S_IFREG|0644, st_size=21469, ...}) = 0
open("/usr/lib/python3.5/plat-x86_64-linux-gnu/__pycache__/_sysconfigdata_m.cpython-35.pyc", O_RDONLY|O_CLOEXEC) = 3
fstat(3, {st_mode=S_IFREG|0644, st_size=21029, ...}) = 0
lseek(3, 0, SEEK_CUR)                   = 0
fstat(3, {st_mode=S_IFREG|0644, st_size=21029, ...}) = 0
read(3, "\26\r\r\n\216\237\234]\335S\0\0\343\0\0\0\0\0\0\0\0\0\0\0\0\10\5\0\0@\0\0"..., 21030) = 21029
read(3, "", 1)                          = 0
close(3)                                = 0
lstat("/usr", {st_mode=S_IFDIR|0755, st_size=4096, ...}) = 0
lstat("/usr/lib", {st_mode=S_IFDIR|0755, st_size=4096, ...}) = 0
lstat("/usr/lib/python3.5", {st_mode=S_IFDIR|0755, st_size=20480, ...}) = 0
lstat("/usr/lib/python3.5/config-3.5m-x86_64-linux-gnu", {st_mode=S_IFDIR|0755, st_size=4096, ...}) = 0
stat("/home/kitkat4/.local/lib/python3.5/site-packages", {st_mode=S_IFDIR|0700, st_size=4096, ...}) = 0
open("/home/kitkat4/.local/lib/python3.5/site-packages", O_RDONLY|O_NONBLOCK|O_DIRECTORY|O_CLOEXEC) = 3
fstat(3, {st_mode=S_IFDIR|0700, st_size=4096, ...}) = 0
getdents(3, /* 16 entries */, 32768)    = 576
getdents(3, /* 0 entries */, 32768)     = 0
close(3)                                = 0
stat("/usr/local/lib/python3.5/dist-packages", {st_mode=S_IFDIR|S_ISGID|0775, st_size=4096, ...}) = 0
open("/usr/local/lib/python3.5/dist-packages", O_RDONLY|O_NONBLOCK|O_DIRECTORY|O_CLOEXEC) = 3
fstat(3, {st_mode=S_IFDIR|S_ISGID|0775, st_size=4096, ...}) = 0
getdents(3, /* 2 entries */, 32768)     = 48
getdents(3, /* 0 entries */, 32768)     = 0
close(3)                                = 0
stat("/usr/lib/python3/dist-packages", {st_mode=S_IFDIR|0755, st_size=12288, ...}) = 0
open("/usr/lib/python3/dist-packages", O_RDONLY|O_NONBLOCK|O_DIRECTORY|O_CLOEXEC) = 3
fstat(3, {st_mode=S_IFDIR|0755, st_size=12288, ...}) = 0
getdents(3, /* 164 entries */, 32768)   = 6888
getdents(3, /* 0 entries */, 32768)     = 0
close(3)                                = 0
stat("/usr/lib/python3.5/dist-packages", 0x7fffe34e5890) = -1 ENOENT (No such file or directory)
stat("/usr/lib/python3.5", {st_mode=S_IFDIR|0755, st_size=20480, ...}) = 0
stat("/usr/lib/python3.5/sitecustomize.py", {st_mode=S_IFREG|0644, st_size=155, ...}) = 0
stat("/usr/lib/python3.5/sitecustomize.py", {st_mode=S_IFREG|0644, st_size=155, ...}) = 0
open("/usr/lib/python3.5/__pycache__/sitecustomize.cpython-35.pyc", O_RDONLY|O_CLOEXEC) = 3
fstat(3, {st_mode=S_IFREG|0644, st_size=217, ...}) = 0
lseek(3, 0, SEEK_CUR)                   = 0
fstat(3, {st_mode=S_IFREG|0644, st_size=217, ...}) = 0
read(3, "\26\r\r\n\254\16\375V\233\0\0\0\343\0\0\0\0\0\0\0\0\0\0\0\0\v\0\0\0@\0\0"..., 218) = 217
read(3, "", 1)                          = 0
close(3)                                = 0
stat("/usr/lib/python3.5", {st_mode=S_IFDIR|0755, st_size=20480, ...}) = 0
stat("/usr/lib/python3.5/plat-x86_64-linux-gnu", {st_mode=S_IFDIR|0755, st_size=4096, ...}) = 0
stat("/usr/lib/python3.5/lib-dynload", {st_mode=S_IFDIR|0755, st_size=12288, ...}) = 0
stat("/usr/lib/python3.5/lib-dynload", {st_mode=S_IFDIR|0755, st_size=12288, ...}) = 0
stat("/usr/lib/python3.5/lib-dynload", {st_mode=S_IFDIR|0755, st_size=12288, ...}) = 0
open("/usr/lib/python3.5/lib-dynload", O_RDONLY|O_NONBLOCK|O_DIRECTORY|O_CLOEXEC) = 3
fstat(3, {st_mode=S_IFDIR|0755, st_size=12288, ...}) = 0
getdents(3, /* 42 entries */, 32768)    = 2608
getdents(3, /* 0 entries */, 32768)     = 0
close(3)                                = 0
stat("/home/kitkat4/.local/lib/python3.5/site-packages", {st_mode=S_IFDIR|0700, st_size=4096, ...}) = 0
stat("/home/kitkat4/.local/lib/python3.5/site-packages", {st_mode=S_IFDIR|0700, st_size=4096, ...}) = 0
stat("/home/kitkat4/.local/lib/python3.5/site-packages", {st_mode=S_IFDIR|0700, st_size=4096, ...}) = 0
open("/home/kitkat4/.local/lib/python3.5/site-packages", O_RDONLY|O_NONBLOCK|O_DIRECTORY|O_CLOEXEC) = 3
fstat(3, {st_mode=S_IFDIR|0700, st_size=4096, ...}) = 0
getdents(3, /* 16 entries */, 32768)    = 576
getdents(3, /* 0 entries */, 32768)     = 0
close(3)                                = 0
stat("/usr/local/lib/python3.5/dist-packages", {st_mode=S_IFDIR|S_ISGID|0775, st_size=4096, ...}) = 0
stat("/usr/local/lib/python3.5/dist-packages", {st_mode=S_IFDIR|S_ISGID|0775, st_size=4096, ...}) = 0
stat("/usr/local/lib/python3.5/dist-packages", {st_mode=S_IFDIR|S_ISGID|0775, st_size=4096, ...}) = 0
open("/usr/local/lib/python3.5/dist-packages", O_RDONLY|O_NONBLOCK|O_DIRECTORY|O_CLOEXEC) = 3
fstat(3, {st_mode=S_IFDIR|S_ISGID|0775, st_size=4096, ...}) = 0
getdents(3, /* 2 entries */, 32768)     = 48
getdents(3, /* 0 entries */, 32768)     = 0
close(3)                                = 0
stat("/usr/lib/python3/dist-packages", {st_mode=S_IFDIR|0755, st_size=12288, ...}) = 0
stat("/usr/lib/python3/dist-packages", {st_mode=S_IFDIR|0755, st_size=12288, ...}) = 0
stat("/usr/lib/python3/dist-packages", {st_mode=S_IFDIR|0755, st_size=12288, ...}) = 0
open("/usr/lib/python3/dist-packages", O_RDONLY|O_NONBLOCK|O_DIRECTORY|O_CLOEXEC) = 3
fstat(3, {st_mode=S_IFDIR|0755, st_size=12288, ...}) = 0
getdents(3, /* 164 entries */, 32768)   = 6888
getdents(3, /* 0 entries */, 32768)     = 0
close(3)                                = 0
stat("/usr/lib/python3/dist-packages/apport_python_hook.py", {st_mode=S_IFREG|0644, st_size=7796, ...}) = 0
stat("/usr/lib/python3/dist-packages/apport_python_hook.py", {st_mode=S_IFREG|0644, st_size=7796, ...}) = 0
open("/usr/lib/python3/dist-packages/__pycache__/apport_python_hook.cpython-35.pyc", O_RDONLY|O_CLOEXEC) = 3
fstat(3, {st_mode=S_IFREG|0644, st_size=4526, ...}) = 0
lseek(3, 0, SEEK_CUR)                   = 0
fstat(3, {st_mode=S_IFREG|0644, st_size=4526, ...}) = 0
read(3, "\26\r\r\n\2220\375Vt\36\0\0\343\0\0\0\0\0\0\0\0\0\0\0\0\2\0\0\0@\0\0"..., 4527) = 4526
read(3, "", 1)                          = 0
close(3)                                = 0
stat("/usr/lib/python3.5", {st_mode=S_IFDIR|0755, st_size=20480, ...}) = 0
stat("/usr/lib/python3.5/plat-x86_64-linux-gnu", {st_mode=S_IFDIR|0755, st_size=4096, ...}) = 0
stat("/usr/lib/python3.5/lib-dynload", {st_mode=S_IFDIR|0755, st_size=12288, ...}) = 0
stat("/home/kitkat4/.local/lib/python3.5/site-packages", {st_mode=S_IFDIR|0700, st_size=4096, ...}) = 0
stat("/usr/local/lib/python3.5/dist-packages", {st_mode=S_IFDIR|S_ISGID|0775, st_size=4096, ...}) = 0
stat("/usr/lib/python3/dist-packages", {st_mode=S_IFDIR|0755, st_size=12288, ...}) = 0
readlink("./hello.py", 0x7fffe34d5c80, 4096) = -1 EINVAL (Invalid argument)
getcwd("/home/kitkat4/ws/tmp/script", 4096) = 28
lstat("/home/kitkat4/ws/tmp/script/hello.py", {st_mode=S_IFREG|0755, st_size=106, ...}) = 0
stat("./hello.py", {st_mode=S_IFREG|0755, st_size=106, ...}) = 0
open("./hello.py", O_RDONLY)            = 3
ioctl(3, FIOCLEX)                       = 0
fstat(3, {st_mode=S_IFREG|0755, st_size=106, ...}) = 0
fstat(3, {st_mode=S_IFREG|0755, st_size=106, ...}) = 0
lseek(3, 0, SEEK_SET)                   = 0
read(3, "#!/usr/bin/env python3\n\n\n\ndef ma"..., 84) = 84
read(3, "main__\":\n\n    main()\n\n", 4096) = 22
close(3)                                = 0
stat("./hello.py", {st_mode=S_IFREG|0755, st_size=106, ...}) = 0
open("./hello.py", O_RDONLY)            = 3
ioctl(3, FIOCLEX)                       = 0
fstat(3, {st_mode=S_IFREG|0755, st_size=106, ...}) = 0
ioctl(3, TCGETS, 0x7fffe34e6c30)        = -1 ENOTTY (Inappropriate ioctl for device)
lseek(3, 0, SEEK_CUR)                   = 0
fstat(3, {st_mode=S_IFREG|0755, st_size=106, ...}) = 0
read(3, "#!/usr/bin/env python3\n\n\n\ndef ma"..., 4096) = 106
lseek(3, 0, SEEK_SET)                   = 0
brk(0x1515000)                          = 0x1515000
read(3, "#!/usr/bin/env python3\n\n\n\ndef ma"..., 4096) = 106
read(3, "", 4096)                       = 0
brk(0x150c000)                          = 0x150c000
close(3)                                = 0
write(1, "Hello world!\n", 13)          = 13
rt_sigaction(SIGINT, {SIG_DFL, [], SA_RESTORER, 0x7f5606199390}, {0x63cbb0, [], SA_RESTORER, 0x7f5606199390}, 8) = 0
brk(0x14e4000)                          = 0x14e4000
exit_group(0)                           = ?
+++ exited with 0 +++
